<templateSet group="Junit4 Tests">
  <template name="test" value="&#10;@Test                                         &#10;public void $METHODE_NAME$_when$STATE_UNDER_TEST$_should$EXPECTED_BEHAVIOR$() throws Exception{&#10;  $END$&#10;}" description="Create a new JUnit test case" toReformat="true" toShortenFQNames="true">
    <variable name="METHODE_NAME" expression="" defaultValue="&quot;methodeName&quot;" alwaysStopAt="true" />
    <variable name="STATE_UNDER_TEST" expression="" defaultValue="&quot;State&quot;" alwaysStopAt="true" />
    <variable name="EXPECTED_BEHAVIOR" expression="" defaultValue="&quot;Behavior&quot;" alwaysStopAt="true" />
    <context>
      <option name="JAVA_CODE" value="false" />
      <option name="JAVA_STATEMENT" value="false" />
      <option name="JAVA_EXPRESSION" value="false" />
      <option name="JAVA_DECLARATION" value="true" />
      <option name="JAVA_COMMENT" value="false" />
      <option name="JAVA_STRING" value="false" />
      <option name="COMPLETION" value="false" />
    </context>
  </template>
  <template name="ae" value="assertEquals($EXPECTED_VALUE$, $REAL_VALUE$);" description="assertEquals(..)" toReformat="true" toShortenFQNames="true" useStaticImport="true">
    <variable name="EXPECTED_VALUE" expression="firstWord(String)" defaultValue="" alwaysStopAt="true" />
    <variable name="REAL_VALUE" expression="firstWord(String)" defaultValue="" alwaysStopAt="true" />
    <context>
      <option name="JAVA_CODE" value="true" />
      <option name="JAVA_STATEMENT" value="true" />
      <option name="JAVA_EXPRESSION" value="true" />
      <option name="JAVA_DECLARATION" value="true" />
      <option name="JAVA_COMMENT" value="true" />
      <option name="JAVA_STRING" value="true" />
      <option name="COMPLETION" value="true" />
    </context>
  </template>
</templateSet>